# JRE version: OpenJDK Runtime Environment Temurin-21.0.8+9 (21.0.8+9) (build 21.0.8+9-LTS)
# Java VM: OpenJDK 64-Bit Server VM Temurin-21.0.8+9 (21.0.8+9-LTS, mixed mode, sharing, tiered, compressed oops, compressed class ptrs, parallel gc, windows-amd64)
GC Precious Log:
 CardTable entry size: 512
 CPUs: 8 total, 8 available
 Memory: 7975M
 Large Page Support: Disabled
 NUMA Support: Disabled
 Compressed Oops: Enabled (32-bit)
 Alignments: Space 512K, Generation 512K, Heap 2M
 Heap Min Capacity: 100M
 Heap Initial Capacity: 100M
 Heap Max Capacity: 2G
 Pre-touch: Disabled
 Parallel Workers: 8
Heap:
 PSYoungGen      total 12800K, used 5789K [0x00000000d5580000, 0x00000000d6300000, 0x0000000100000000)
  eden space 11776K, 43% used [0x00000000d5580000,0x00000000d5a8a230,0x00000000d6100000)
  from space 1024K, 61% used [0x00000000d6200000,0x00000000d629d200,0x00000000d6300000)
  to   space 1024K, 0% used [0x00000000d6100000,0x00000000d6100000,0x00000000d6200000)
 ParOldGen       total 1066496K, used 1066212K [0x0000000080000000, 0x00000000c1180000, 0x00000000d5580000)
  object space 1066496K, 99% used [0x0000000080000000,0x00000000c11390a8,0x00000000c1180000)
 Metaspace       used 85076K, committed 86912K, reserved 1179648K
  class space    used 8678K, committed 9536K, reserved 1048576K
GC Heap History (20 events):
Event: 1535.228 GC heap before
{Heap before GC invocations=1923 (full 4):
 PSYoungGen      total 13312K, used 13014K [0x00000000d5580000, 0x00000000d6500000, 0x0000000100000000)
  eden space 11776K, 100% used [0x00000000d5580000,0x00000000d6100000,0x00000000d6100000)
  from space 1536K, 80% used [0x00000000d6380000,0x00000000d64b5ae8,0x00000000d6500000)
  to   space 1536K, 0% used [0x00000000d6200000,0x00000000d6200000,0x00000000d6380000)
 ParOldGen       total 1062912K, used 1062747K [0x0000000080000000, 0x00000000c0e00000, 0x00000000d5580000)
  object space 1062912K, 99% used [0x0000000080000000,0x00000000c0dd6ef8,0x00000000c0e00000)
 Metaspace       used 84295K, committed 86080K, reserved 1179648K
  class space    used 8584K, committed 9408K, reserved 1048576K
}
Event: 1535.241 GC heap after
{Heap after GC invocations=1923 (full 4):
 PSYoungGen      total 12288K, used 474K [0x00000000d5580000, 0x00000000d6400000, 0x0000000100000000)
  eden space 11776K, 0% used [0x00000000d5580000,0x00000000d5580000,0x00000000d6100000)
  from space 512K, 92% used [0x00000000d6200000,0x00000000d6276900,0x00000000d6280000)
  to   space 1024K, 0% used [0x00000000d6300000,0x00000000d6300000,0x00000000d6400000)
 ParOldGen       total 1063936K, used 1063449K [0x0000000080000000, 0x00000000c0f00000, 0x00000000d5580000)
  object space 1063936K, 99% used [0x0000000080000000,0x00000000c0e867a8,0x00000000c0f00000)
 Metaspace       used 84295K, committed 86080K, reserved 1179648K
  class space    used 8584K, committed 9408K, reserved 1048576K
}
Event: 1535.689 GC heap before
{Heap before GC invocations=1924 (full 4):
 PSYoungGen      total 12288K, used 12250K [0x00000000d5580000, 0x00000000d6400000, 0x0000000100000000)
  eden space 11776K, 100% used [0x00000000d5580000,0x00000000d6100000,0x00000000d6100000)
  from space 512K, 92% used [0x00000000d6200000,0x00000000d6276900,0x00000000d6280000)
  to   space 1024K, 0% used [0x00000000d6300000,0x00000000d6300000,0x00000000d6400000)
 ParOldGen       total 1063936K, used 1063449K [0x0000000080000000, 0x00000000c0f00000, 0x00000000d5580000)
  object space 1063936K, 99% used [0x0000000080000000,0x00000000c0e867a8,0x00000000c0f00000)
 Metaspace       used 84308K, committed 86080K, reserved 1179648K
  class space    used 8585K, committed 9408K, reserved 1048576K
}
Event: 1535.693 GC heap after
{Heap after GC invocations=1924 (full 4):
 PSYoungGen      total 12288K, used 256K [0x00000000d5580000, 0x00000000d6380000, 0x0000000100000000)
  eden space 11776K, 0% used [0x00000000d5580000,0x00000000d5580000,0x00000000d6100000)
  from space 512K, 50% used [0x00000000d6300000,0x00000000d6340000,0x00000000d6380000)
  to   space 512K, 0% used [0x00000000d6200000,0x00000000d6200000,0x00000000d6280000)
 ParOldGen       total 1063936K, used 1063513K [0x0000000080000000, 0x00000000c0f00000, 0x00000000d5580000)
  object space 1063936K, 99% used [0x0000000080000000,0x00000000c0e96770,0x00000000c0f00000)
 Metaspace       used 84308K, committed 86080K, reserved 1179648K
  class space    used 8585K, committed 9408K, reserved 1048576K
}
Event: 1551.177 GC heap before
{Heap before GC invocations=1925 (full 4):
 PSYoungGen      total 12288K, used 12032K [0x00000000d5580000, 0x00000000d6380000, 0x0000000100000000)
  eden space 11776K, 100% used [0x00000000d5580000,0x00000000d6100000,0x00000000d6100000)
  from space 512K, 50% used [0x00000000d6300000,0x00000000d6340000,0x00000000d6380000)
  to   space 512K, 0% used [0x00000000d6200000,0x00000000d6200000,0x00000000d6280000)
 ParOldGen       total 1063936K, used 1063513K [0x0000000080000000, 0x00000000c0f00000, 0x00000000d5580000)
  object space 1063936K, 99% used [0x0000000080000000,0x00000000c0e96770,0x00000000c0f00000)
 Metaspace       used 84311K, committed 86080K, reserved 1179648K
  class space    used 8585K, committed 9408K, reserved 1048576K
}
Event: 1551.183 GC heap after
{Heap after GC invocations=1925 (full 4):
 PSYoungGen      total 12288K, used 484K [0x00000000d5580000, 0x00000000d6400000, 0x0000000100000000)
  eden space 11776K, 0% used [0x00000000d5580000,0x00000000d5580000,0x00000000d6100000)
  from space 512K, 94% used [0x00000000d6200000,0x00000000d6279210,0x00000000d6280000)
  to   space 1536K, 0% used [0x00000000d6280000,0x00000000d6280000,0x00000000d6400000)
 ParOldGen       total 1064448K, used 1064142K [0x0000000080000000, 0x00000000c0f80000, 0x00000000d5580000)
  object space 1064448K, 99% used [0x0000000080000000,0x00000000c0f33948,0x00000000c0f80000)
 Metaspace       used 84311K, committed 86080K, reserved 1179648K
  class space    used 8585K, committed 9408K, reserved 1048576K
}
Event: 1552.054 GC heap before
{Heap before GC invocations=1926 (full 4):
 PSYoungGen      total 12288K, used 12260K [0x00000000d5580000, 0x00000000d6400000, 0x0000000100000000)
  eden space 11776K, 100% used [0x00000000d5580000,0x00000000d6100000,0x00000000d6100000)
  from space 512K, 94% used [0x00000000d6200000,0x00000000d6279210,0x00000000d6280000)
  to   space 1536K, 0% used [0x00000000d6280000,0x00000000d6280000,0x00000000d6400000)
 ParOldGen       total 1064448K, used 1064142K [0x0000000080000000, 0x00000000c0f80000, 0x00000000d5580000)
  object space 1064448K, 99% used [0x0000000080000000,0x00000000c0f33948,0x00000000c0f80000)
 Metaspace       used 84326K, committed 86144K, reserved 1179648K
  class space    used 8585K, committed 9408K, reserved 1048576K
}
Event: 1552.061 GC heap after
{Heap after GC invocations=1926 (full 4):
 PSYoungGen      total 12288K, used 256K [0x00000000d5580000, 0x00000000d6300000, 0x0000000100000000)
  eden space 11776K, 0% used [0x00000000d5580000,0x00000000d5580000,0x00000000d6100000)
  from space 512K, 50% used [0x00000000d6280000,0x00000000d62c0000,0x00000000d6300000)
  to   space 1024K, 0% used [0x00000000d6100000,0x00000000d6100000,0x00000000d6200000)
 ParOldGen       total 1064960K, used 1064626K [0x0000000080000000, 0x00000000c1000000, 0x00000000d5580000)
  object space 1064960K, 99% used [0x0000000080000000,0x00000000c0facb58,0x00000000c1000000)
 Metaspace       used 84326K, committed 86144K, reserved 1179648K
  class space    used 8585K, committed 9408K, reserved 1048576K
}
Event: 1552.171 GC heap before
{Heap before GC invocations=1927 (full 4):
 PSYoungGen      total 12288K, used 12032K [0x00000000d5580000, 0x00000000d6300000, 0x0000000100000000)
  eden space 11776K, 100% used [0x00000000d5580000,0x00000000d6100000,0x00000000d6100000)
  from space 512K, 50% used [0x00000000d6280000,0x00000000d62c0000,0x00000000d6300000)
  to   space 1024K, 0% used [0x00000000d6100000,0x00000000d6100000,0x00000000d6200000)
 ParOldGen       total 1064960K, used 1064626K [0x0000000080000000, 0x00000000c1000000, 0x00000000d5580000)
  object space 1064960K, 99% used [0x0000000080000000,0x00000000c0facb58,0x00000000c1000000)
 Metaspace       used 84328K, committed 86144K, reserved 1179648K
  class space    used 8585K, committed 9408K, reserved 1048576K
}
Event: 1552.176 GC heap after
{Heap after GC invocations=1927 (full 4):
 PSYoungGen      total 12800K, used 1022K [0x00000000d5580000, 0x00000000d6500000, 0x0000000100000000)
  eden space 11776K, 0% used [0x00000000d5580000,0x00000000d5580000,0x00000000d6100000)
  from space 1024K, 99% used [0x00000000d6100000,0x00000000d61ffb10,0x00000000d6200000)
  to   space 2048K, 0% used [0x00000000d6300000,0x00000000d6300000,0x00000000d6500000)
 ParOldGen       total 1065472K, used 1065037K [0x0000000080000000, 0x00000000c1080000, 0x00000000d5580000)
  object space 1065472K, 99% used [0x0000000080000000,0x00000000c1013468,0x00000000c1080000)
 Metaspace       used 84328K, committed 86144K, reserved 1179648K
  class space    used 8585K, committed 9408K, reserved 1048576K
}
Event: 1552.338 GC heap before
{Heap before GC invocations=1928 (full 4):
 PSYoungGen      total 12800K, used 12798K [0x00000000d5580000, 0x00000000d6500000, 0x0000000100000000)
  eden space 11776K, 100% used [0x00000000d5580000,0x00000000d6100000,0x00000000d6100000)
  from space 1024K, 99% used [0x00000000d6100000,0x00000000d61ffb10,0x00000000d6200000)
  to   space 2048K, 0% used [0x00000000d6300000,0x00000000d6300000,0x00000000d6500000)
 ParOldGen       total 1065472K, used 1065037K [0x0000000080000000, 0x00000000c1080000, 0x00000000d5580000)
  object space 1065472K, 99% used [0x0000000080000000,0x00000000c1013468,0x00000000c1080000)
 Metaspace       used 84330K, committed 86144K, reserved 1179648K
  class space    used 8585K, committed 9408K, reserved 1048576K
}
Event: 1552.343 GC heap after
{Heap after GC invocations=1928 (full 4):
 PSYoungGen      total 12800K, used 740K [0x00000000d5580000, 0x00000000d6400000, 0x0000000100000000)
  eden space 11776K, 0% used [0x00000000d5580000,0x00000000d5580000,0x00000000d6100000)
  from space 1024K, 72% used [0x00000000d6300000,0x00000000d63b9210,0x00000000d6400000)
  to   space 1024K, 0% used [0x00000000d6100000,0x00000000d6100000,0x00000000d6200000)
 ParOldGen       total 1065984K, used 1065831K [0x0000000080000000, 0x00000000c1100000, 0x00000000d5580000)
  object space 1065984K, 99% used [0x0000000080000000,0x00000000c10d9e08,0x00000000c1100000)
 Metaspace       used 84330K, committed 86144K, reserved 1179648K
  class space    used 8585K, committed 9408K, reserved 1048576K
}
Event: 1552.893 GC heap before
{Heap before GC invocations=1929 (full 4):
 PSYoungGen      total 12800K, used 12516K [0x00000000d5580000, 0x00000000d6400000, 0x0000000100000000)
  eden space 11776K, 100% used [0x00000000d5580000,0x00000000d6100000,0x00000000d6100000)
  from space 1024K, 72% used [0x00000000d6300000,0x00000000d63b9210,0x00000000d6400000)
  to   space 1024K, 0% used [0x00000000d6100000,0x00000000d6100000,0x00000000d6200000)
 ParOldGen       total 1065984K, used 1065831K [0x0000000080000000, 0x00000000c1100000, 0x00000000d5580000)
  object space 1065984K, 99% used [0x0000000080000000,0x00000000c10d9e08,0x00000000c1100000)
 Metaspace       used 84333K, committed 86208K, reserved 1179648K
  class space    used 8585K, committed 9408K, reserved 1048576K
}
Event: 1552.896 GC heap after
{Heap after GC invocations=1929 (full 4):
 PSYoungGen      total 12800K, used 564K [0x00000000d5580000, 0x00000000d6380000, 0x0000000100000000)
  eden space 11776K, 0% used [0x00000000d5580000,0x00000000d5580000,0x00000000d6100000)
  from space 1024K, 55% used [0x00000000d6100000,0x00000000d618d200,0x00000000d6200000)
  to   space 1024K, 0% used [0x00000000d6280000,0x00000000d6280000,0x00000000d6380000)
 ParOldGen       total 1065984K, used 1065863K [0x0000000080000000, 0x00000000c1100000, 0x00000000d5580000)
  object space 1065984K, 99% used [0x0000000080000000,0x00000000c10e1e08,0x00000000c1100000)
 Metaspace       used 84333K, committed 86208K, reserved 1179648K
  class space    used 8585K, committed 9408K, reserved 1048576K
}
Event: 1553.200 GC heap before
{Heap before GC invocations=1930 (full 4):
 PSYoungGen      total 12800K, used 12340K [0x00000000d5580000, 0x00000000d6380000, 0x0000000100000000)
  eden space 11776K, 100% used [0x00000000d5580000,0x00000000d6100000,0x00000000d6100000)
  from space 1024K, 55% used [0x00000000d6100000,0x00000000d618d200,0x00000000d6200000)
  to   space 1024K, 0% used [0x00000000d6280000,0x00000000d6280000,0x00000000d6380000)
 ParOldGen       total 1065984K, used 1065863K [0x0000000080000000, 0x00000000c1100000, 0x00000000d5580000)
  object space 1065984K, 99% used [0x0000000080000000,0x00000000c10e1e08,0x00000000c1100000)
 Metaspace       used 84471K, committed 86272K, reserved 1179648K
  class space    used 8599K, committed 9408K, reserved 1048576K
}
Event: 1553.203 GC heap after
{Heap after GC invocations=1930 (full 4):
 PSYoungGen      total 12800K, used 804K [0x00000000d5580000, 0x00000000d6380000, 0x0000000100000000)
  eden space 11776K, 0% used [0x00000000d5580000,0x00000000d5580000,0x00000000d6100000)
  from space 1024K, 78% used [0x00000000d6280000,0x00000000d6349230,0x00000000d6380000)
  to   space 1024K, 0% used [0x00000000d6100000,0x00000000d6100000,0x00000000d6200000)
 ParOldGen       total 1066496K, used 1066052K [0x0000000080000000, 0x00000000c1180000, 0x00000000d5580000)
  object space 1066496K, 99% used [0x0000000080000000,0x00000000c1111088,0x00000000c1180000)
 Metaspace       used 84471K, committed 86272K, reserved 1179648K
  class space    used 8599K, committed 9408K, reserved 1048576K
}
Event: 1553.241 GC heap before
{Heap before GC invocations=1931 (full 4):
 PSYoungGen      total 12800K, used 12580K [0x00000000d5580000, 0x00000000d6380000, 0x0000000100000000)
  eden space 11776K, 100% used [0x00000000d5580000,0x00000000d6100000,0x00000000d6100000)
  from space 1024K, 78% used [0x00000000d6280000,0x00000000d6349230,0x00000000d6380000)
  to   space 1024K, 0% used [0x00000000d6100000,0x00000000d6100000,0x00000000d6200000)
 ParOldGen       total 1066496K, used 1066052K [0x0000000080000000, 0x00000000c1180000, 0x00000000d5580000)
  object space 1066496K, 99% used [0x0000000080000000,0x00000000c1111088,0x00000000c1180000)
 Metaspace       used 84553K, committed 86336K, reserved 1179648K
  class space    used 8607K, committed 9408K, reserved 1048576K
}
Event: 1553.244 GC heap after
{Heap after GC invocations=1931 (full 4):
 PSYoungGen      total 12800K, used 554K [0x00000000d5580000, 0x00000000d6300000, 0x0000000100000000)
  eden space 11776K, 0% used [0x00000000d5580000,0x00000000d5580000,0x00000000d6100000)
  from space 1024K, 54% used [0x00000000d6100000,0x00000000d618a910,0x00000000d6200000)
  to   space 1024K, 0% used [0x00000000d6200000,0x00000000d6200000,0x00000000d6300000)
 ParOldGen       total 1066496K, used 1066188K [0x0000000080000000, 0x00000000c1180000, 0x00000000d5580000)
  object space 1066496K, 99% used [0x0000000080000000,0x00000000c11330a8,0x00000000c1180000)
 Metaspace       used 84553K, committed 86336K, reserved 1179648K
  class space    used 8607K, committed 9408K, reserved 1048576K
}
Event: 1555.948 GC heap before
{Heap before GC invocations=1932 (full 4):
 PSYoungGen      total 12800K, used 12330K [0x00000000d5580000, 0x00000000d6300000, 0x0000000100000000)
  eden space 11776K, 100% used [0x00000000d5580000,0x00000000d6100000,0x00000000d6100000)
  from space 1024K, 54% used [0x00000000d6100000,0x00000000d618a910,0x00000000d6200000)
  to   space 1024K, 0% used [0x00000000d6200000,0x00000000d6200000,0x00000000d6300000)
 ParOldGen       total 1066496K, used 1066188K [0x0000000080000000, 0x00000000c1180000, 0x00000000d5580000)
  object space 1066496K, 99% used [0x0000000080000000,0x00000000c11330a8,0x00000000c1180000)
 Metaspace       used 85008K, committed 86784K, reserved 1179648K
  class space    used 8673K, committed 9472K, reserved 1048576K
}
Event: 1555.955 GC heap after
{Heap after GC invocations=1932 (full 4):
 PSYoungGen      total 12800K, used 628K [0x00000000d5580000, 0x00000000d6300000, 0x0000000100000000)
  eden space 11776K, 0% used [0x00000000d5580000,0x00000000d5580000,0x00000000d6100000)
  from space 1024K, 61% used [0x00000000d6200000,0x00000000d629d200,0x00000000d6300000)
  to   space 1024K, 0% used [0x00000000d6100000,0x00000000d6100000,0x00000000d6200000)
 ParOldGen       total 1066496K, used 1066212K [0x0000000080000000, 0x00000000c1180000, 0x00000000d5580000)
  object space 1066496K, 99% used [0x0000000080000000,0x00000000c11390a8,0x00000000c1180000)
 Metaspace       used 85008K, committed 86784K, reserved 1179648K
  class space    used 8673K, committed 9472K, reserved 1048576K
}

